<?xml version="1.0" encoding="UTF-8"?>
<!-- Generated by org.testng.reporters.JUnitReportReporter -->
<testsuite hostname="DESKTOP-S344IQT" failures="0" tests="1" name="com.sauceDemo.TestPack.AllAnnotationBagProduct" time="0.536" errors="0" timestamp="2022-08-06T06:55:40 IST" skipped="0">
  <testcase classname="com.sauceDemo.TestPack.AllAnnotationBagProduct" name="bagProductAddToCart" time="0.536"/>
  <system-out/>
</testsuite> <!-- com.sauceDemo.TestPack.AllAnnotationBagProduct -->
