<?xml version="1.0" encoding="UTF-8"?>
<!-- Generated by org.testng.reporters.JUnitReportReporter -->
<testsuite hostname="DESKTOP-S344IQT" failures="0" tests="1" name="com.sauceDemo.TestPack.AllAnnotaionLogIn" time="1.165" errors="0" timestamp="2022-08-06T17:49:09 IST" skipped="0">
  <testcase classname="com.sauceDemo.TestPack.AllAnnotaionLogIn" name="verifyLogin" time="1.165"/>
  <system-out/>
</testsuite> <!-- com.sauceDemo.TestPack.AllAnnotaionLogIn -->
