<?xml version="1.0" encoding="UTF-8"?>
<!-- Generated by org.testng.reporters.JUnitReportReporter -->
<testsuite hostname="DESKTOP-S344IQT" failures="0" tests="1" name="com.sauceDemo.TestPack.TC06VerifyBuyProductFunctionality" time="19.764" errors="0" timestamp="2022-08-07T12:01:46 IST" skipped="0">
  <testcase classname="com.sauceDemo.TestPack.TC06VerifyBuyProductFunctionality" name="buyProduct" time="19.764"/>
  <system-out/>
</testsuite> <!-- com.sauceDemo.TestPack.TC06VerifyBuyProductFunctionality -->
