<?xml version="1.0" encoding="UTF-8"?>
<!-- Generated by org.testng.reporters.JUnitReportReporter -->
<testsuite hostname="DESKTOP-S344IQT" failures="0" tests="1" name="com.sauceDemo.TestPack.TC02VerifyLogoutFuctinality" time="7.622" errors="0" timestamp="2022-09-01T15:56:53 IST" skipped="0">
  <testcase classname="com.sauceDemo.TestPack.TC02VerifyLogoutFuctinality" name="verifyLogOut" time="7.622"/>
  <system-out/>
</testsuite> <!-- com.sauceDemo.TestPack.TC02VerifyLogoutFuctinality -->
