<?xml version="1.0" encoding="UTF-8"?>
<!-- Generated by org.testng.reporters.JUnitReportReporter -->
<testsuite hostname="DESKTOP-S344IQT" failures="0" tests="1" name="com.sauceDemo.TestPack.AllAnnotationLogOut" time="0.451" errors="0" timestamp="2022-08-06T06:46:47 IST" skipped="0">
  <testcase classname="com.sauceDemo.TestPack.AllAnnotationLogOut" name="verifyLogOut" time="0.451"/>
  <system-out/>
</testsuite> <!-- com.sauceDemo.TestPack.AllAnnotationLogOut -->
