<?xml version="1.0" encoding="UTF-8"?>
<!-- Generated by org.testng.reporters.JUnitReportReporter -->
<testsuite hostname="DESKTOP-S344IQT" failures="0" tests="1" name="com.sauceDemo.TestPack.TC04VerifyallAddToCartButtonFunctionality" time="6.573" errors="0" timestamp="2022-09-01T13:02:17 IST" skipped="0">
  <testcase classname="com.sauceDemo.TestPack.TC04VerifyallAddToCartButtonFunctionality" name="allProductAddToCart" time="6.573"/>
  <system-out/>
</testsuite> <!-- com.sauceDemo.TestPack.TC04VerifyallAddToCartButtonFunctionality -->
